#
# There is insufficient memory for the Java Runtime Environment to continue.
# Native memory allocation (malloc) failed to allocate 1345136 bytes for Chunk::new
# Possible reasons:
#   The system is out of physical RAM or swap space
#   In 32 bit mode, the process size limit was hit
# Possible solutions:
#   Reduce memory load on the system
#   Increase physical memory or swap space
#   Check if swap backing store is full
#   Use 64 bit Java on a 64 bit OS
#   Decrease Java heap size (-Xmx/-Xms)
#   Decrease number of Java threads
#   Decrease Java thread stack sizes (-Xss)
#   Set larger code cache with -XX:ReservedCodeCacheSize=
# This output file may be truncated or incomplete.
#
#  Out of Memory Error (allocation.cpp:390), pid=10196, tid=0x00000000000012e0
#
# JRE version: Java(TM) SE Runtime Environment (8.0_181-b13) (build 1.8.0_181-b13)
# Java VM: Java HotSpot(TM) 64-Bit Server VM (25.181-b13 mixed mode windows-amd64 compressed oops)
# Failed to write core dump. Minidumps are not enabled by default on client versions of Windows
#

---------------  T H R E A D  ---------------

Current thread (0x0000000058c03000):  JavaThread "C2 CompilerThread1" daemon [_thread_in_native, id=4832, stack(0x0000000059430000,0x0000000059530000)]

Stack: [0x0000000059430000,0x0000000059530000]
[error occurred during error reporting (printing stack bounds), id 0xc0000005]

Native frames: (J=compiled Java code, j=interpreted, Vv=VM code, C=native code)


Current CompileTask:
C2:109006683 14436   !   4       com.thoughtworks.xstream.converters.reflection.PureJavaReflectionProvider::visitSerializableFields (184 bytes)


---------------  P R O C E S S  ---------------

Java Threads: ( => current thread )
  0x00000000629de800 JavaThread "cmd /c call C:\Users\ADMINI~1\AppData\Local\Temp\jenkins392611559299572066.bat: stdout copier" daemon [_thread_in_native, id=107176, stack(0x000000006e180000,0x000000006e280000)]
  0x0000000062ae7800 JavaThread "Executor #27 for master : executing seleniumwebfore #22" daemon [_thread_in_native, id=102936, stack(0x000000006c380000,0x000000006c480000)]
  0x0000000063e94000 JavaThread "cmd /c call C:\Users\ADMINI~1\AppData\Local\Temp\jenkins4034667454987785850.bat: stdout copier" daemon [_thread_in_native, id=102620, stack(0x000000006dfc0000,0x000000006e0c0000)]
  0x0000000062ae4000 JavaThread "Executor #19 for master : executing seleniumwebselectmanager #8" daemon [_thread_in_native, id=84104, stack(0x0000000064980000,0x0000000064a80000)]
  0x00000000629da800 JavaThread "cmd /c call C:\Users\ADMINI~1\AppData\Local\Temp\jenkins2372040424738732793.bat: stdout copier" daemon [_thread_in_native, id=101192, stack(0x000000006dd80000,0x000000006de80000)]
  0x00000000629d9000 JavaThread "cmd /c call C:\Users\ADMINI~1\AppData\Local\Temp\jenkins7671545241435556957.bat: stdout copier" daemon [_thread_in_native, id=89672, stack(0x000000006d900000,0x000000006da00000)]
  0x0000000061d6c000 JavaThread "cmd /c call C:\Users\ADMINI~1\AppData\Local\Temp\jenkins1319768089307151307.bat: stdout copier" daemon [_thread_in_native, id=86884, stack(0x000000006da60000,0x000000006db60000)]
  0x0000000061d71000 JavaThread "cmd /c call C:\Users\ADMINI~1\AppData\Local\Temp\jenkins3947698581511003972.bat: stdout copier" daemon [_thread_in_native, id=95816, stack(0x000000006d780000,0x000000006d880000)]
  0x0000000062ae3000 JavaThread "cmd /c call C:\Users\ADMINI~1\AppData\Local\Temp\jenkins980527852625708810.bat: stdout copier" daemon [_thread_in_native, id=73892, stack(0x0000000068390000,0x0000000068490000)]
  0x0000000061d6d800 JavaThread "cmd /c call C:\Users\ADMINI~1\AppData\Local\Temp\jenkins4969961975922479985.bat: stdout copier" daemon [_thread_in_native, id=95456, stack(0x000000006d440000,0x000000006d540000)]
  0x0000000062ae6000 JavaThread "cmd /c call C:\Users\ADMINI~1\AppData\Local\Temp\jenkins3060213398089274624.bat: stdout copier" daemon [_thread_in_native, id=89552, stack(0x0000000069050000,0x0000000069150000)]
  0x0000000062ae7000 JavaThread "Executor #32 for master : executing seleniumwebtwo #34" daemon [_thread_in_native, id=95600, stack(0x000000006d330000,0x000000006d430000)]
  0x0000000062ae2800 JavaThread "Executor #66 for master : executing seleniumwebthir #23" daemon [_thread_in_native, id=84768, stack(0x000000006d080000,0x000000006d180000)]
  0x0000000062ae1800 JavaThread "Executor #41 for master : executing seleniumwebtestlogin #10" daemon [_thread_in_native, id=92564, stack(0x000000006c220000,0x000000006c320000)]
  0x0000000062ae1000 JavaThread "Executor #11 for master : executing seleniumwebfine #13" daemon [_thread_in_native, id=95508, stack(0x0000000068f20000,0x0000000069020000)]
  0x0000000062ae5800 JavaThread "cmd /c call C:\Users\ADMINI~1\AppData\Local\Temp\jenkins6046315961663101878.bat: stdout copier" daemon [_thread_in_native, id=87900, stack(0x000000006ba40000,0x000000006bb40000)]
  0x0000000059b66800 JavaThread "cmd /c call C:\Users\ADMINI~1\AppData\Local\Temp\jenkins3898072395937278024.bat: stdout copier" daemon [_thread_in_native, id=90472, stack(0x000000006cc20000,0x000000006cd20000)]
  0x0000000059b67800 JavaThread "cmd /c call C:\Users\ADMINI~1\AppData\Local\Temp\jenkins290343159355140360.bat: stdout copier" daemon [_thread_in_native, id=84308, stack(0x000000006cae0000,0x000000006cbe0000)]
  0x0000000059b64800 JavaThread "cmd /c call C:\Users\ADMINI~1\AppData\Local\Temp\jenkins6389964369921696861.bat: stdout copier" daemon [_thread_in_native, id=87836, stack(0x000000006bf70000,0x000000006c070000)]
  0x0000000062ae4800 JavaThread "cmd /c call C:\Users\ADMINI~1\AppData\Local\Temp\jenkins6181018570592718877.bat: stdout copier" daemon [_thread_in_native, id=81884, stack(0x000000006ad90000,0x000000006ae90000)]
  0x0000000059b66000 JavaThread "cmd /c call C:\Users\ADMINI~1\AppData\Local\Temp\jenkins7266110936107333702.bat: stdout copier" daemon [_thread_in_native, id=90796, stack(0x000000006dbf0000,0x000000006dcf0000)]
  0x00000000629db800 JavaThread "cmd /c call C:\Users\ADMINI~1\AppData\Local\Temp\jenkins2871353220844785700.bat: stdout copier" daemon [_thread_in_native, id=89972, stack(0x000000006a950000,0x000000006aa50000)]
  0x000000005dd81000 JavaThread "cmd /c call C:\Users\ADMINI~1\AppData\Local\Temp\jenkins802341224852524859.bat: stdout copier" daemon [_thread_in_native, id=89276, stack(0x000000006aa50000,0x000000006ab50000)]
  0x0000000063eac000 JavaThread "cmd /c call C:\Users\ADMINI~1\AppData\Local\Temp\jenkins3980282930929658014.bat: stdout copier" daemon [_thread_in_native, id=88824, stack(0x0000000069d10000,0x0000000069e10000)]
  0x00000000629e0000 JavaThread "cmd /c call C:\Users\ADMINI~1\AppData\Local\Temp\jenkins6010741052508708819.bat: stdout copier" daemon [_thread_in_native, id=82444, stack(0x000000006c490000,0x000000006c590000)]
  0x00000000629dd000 JavaThread "cmd /c call C:\Users\ADMINI~1\AppData\Local\Temp\jenkins6820672903462850951.bat: stdout copier" daemon [_thread_in_native, id=83848, stack(0x00000000694a0000,0x00000000695a0000)]
  0x000000005b21f000 JavaThread "cmd /c call C:\Users\ADMINI~1\AppData\Local\Temp\jenkins6289032093726319738.bat: stdout copier" daemon [_thread_in_native, id=85060, stack(0x000000006d1d0000,0x000000006d2d0000)]
  0x0000000058ea2800 JavaThread "cmd /c call C:\Users\ADMINI~1\AppData\Local\Temp\jenkins1718032399783969618.bat: stdout copier" daemon [_thread_in_native, id=79048, stack(0x000000006cd20000,0x000000006ce20000)]
  0x0000000061d6c800 JavaThread "cmd /c call C:\Users\ADMINI~1\AppData\Local\Temp\jenkins7753643636652586837.bat: stdout copier" daemon [_thread_in_native, id=80932, stack(0x000000006c650000,0x000000006c750000)]
  0x0000000061d6f000 JavaThread "cmd /c call C:\Users\ADMINI~1\AppData\Local\Temp\jenkins6960483980099297114.bat: stdout copier" daemon [_thread_in_native, id=82696, stack(0x0000000068ba0000,0x0000000068ca0000)]
  0x0000000061d6b000 JavaThread "cmd /c call C:\Users\ADMINI~1\AppData\Local\Temp\jenkins5251193808846238580.bat: stdout copier" daemon [_thread_in_native, id=83292, stack(0x000000006c120000,0x000000006c220000)]
  0x00000000629df000 JavaThread "cmd /c call C:\Users\ADMINI~1\AppData\Local\Temp\jenkins8652492295279543240.bat: stdout copier" daemon [_thread_in_native, id=64560, stack(0x000000006b930000,0x000000006ba30000)]
  0x00000000629dd800 JavaThread "cmd /c call C:\Users\ADMINI~1\AppData\Local\Temp\jenkins3344395260081590555.bat: stdout copier" daemon [_thread_in_native, id=80940, stack(0x000000006c900000,0x000000006ca00000)]
  0x00000000629dc000 JavaThread "cmd /c call C:\Users\ADMINI~1\AppData\Local\Temp\jenkins1611067397465203961.bat: stdout copier" daemon [_thread_in_native, id=65788, stack(0x0000000068dd0000,0x0000000068ed0000)]
  0x00000000629da000 JavaThread "cmd /c call C:\Users\ADMINI~1\AppData\Local\Temp\jenkins6459918075748640757.bat: stdout copier" daemon [_thread_in_native, id=80752, stack(0x000000005c220000,0x000000005c320000)]
  0x000000005dd7e000 JavaThread "cmd /c call C:\Users\ADMINI~1\AppData\Local\Temp\jenkins6151154361738880649.bat: stdout copier" daemon [_thread_in_native, id=72968, stack(0x000000006cf10000,0x000000006d010000)]
  0x000000005dd7f800 JavaThread "cmd /c call C:\Users\ADMINI~1\AppData\Local\Temp\jenkins8327896147726207191.bat: stdout copier" daemon [_thread_in_native, id=76648, stack(0x000000006c7b0000,0x000000006c8b0000)]
  0x0000000061d70800 JavaThread "cmd /c call C:\Users\ADMINI~1\AppData\Local\Temp\jenkins1283418113759640271.bat: stdout copier" daemon [_thread_in_native, id=74896, stack(0x000000006b760000,0x000000006b860000)]
  0x0000000061d6f800 JavaThread "cmd /c call C:\Users\ADMINI~1\AppData\Local\Temp\jenkins5793200953296119380.bat: stdout copier" daemon [_thread_in_native, id=77744, stack(0x0000000069e10000,0x0000000069f10000)]
  0x0000000058ea4000 JavaThread "cmd /c call C:\Users\ADMINI~1\AppData\Local\Temp\jenkins907541572903387883.bat: stdout copier" daemon [_thread_in_native, id=74224, stack(0x0000000068750000,0x0000000068850000)]
  0x0000000058ea3000 JavaThread "cmd /c call C:\Users\ADMINI~1\AppData\Local\Temp\jenkins6220012089175349181.bat: stdout copier" daemon [_thread_in_native, id=65792, stack(0x000000006b620000,0x000000006b720000)]
  0x0000000061d6a800 JavaThread "cmd /c call C:\Users\ADMINI~1\AppData\Local\Temp\jenkins8250853996997747931.bat: stdout copier" daemon [_thread_in_native, id=79172, stack(0x000000006bdf0000,0x000000006bef0000)]
  0x0000000058ea5800 JavaThread "cmd /c call C:\Users\ADMINI~1\AppData\Local\Temp\jenkins7202122523601499544.bat: stdout copier" daemon [_thread_in_native, id=79104, stack(0x000000006bc40000,0x000000006bd40000)]
  0x000000006393b800 JavaThread "cmd /c call C:\Users\ADMINI~1\AppData\Local\Temp\jenkins3711788361499420847.bat: stdout copier" daemon [_thread_in_native, id=79704, stack(0x000000006bb40000,0x000000006bc40000)]
  0x000000005dd7e800 JavaThread "cmd /c call C:\Users\ADMINI~1\AppData\Local\Temp\jenkins5207559709024023651.bat: stdout copier" daemon [_thread_in_native, id=75576, stack(0x000000006b220000,0x000000006b320000)]
  0x000000005dd7d000 JavaThread "cmd /c call C:\Users\ADMINI~1\AppData\Local\Temp\jenkins5370357914946259023.bat: stdout copier" daemon [_thread_in_native, id=67156, stack(0x0000000068620000,0x0000000068720000)]
  0x000000005dd7c800 JavaThread "cmd /c call C:\Users\ADMINI~1\AppData\Local\Temp\jenkins2609629454976996522.bat: stdout copier" daemon [_thread_in_native, id=67504, stack(0x0000000068a90000,0x0000000068b90000)]
  0x000000005dd7b800 JavaThread "cmd /c call C:\Users\ADMINI~1\AppData\Local\Temp\jenkins6099258924934516509.bat: stdout copier" daemon [_thread_in_native, id=69604, stack(0x000000005c020000,0x000000005c120000)]
  0x000000005dd7b000 JavaThread "cmd /c call C:\Users\ADMINI~1\AppData\Local\Temp\jenkins1997185869924343099.bat: stdout copier" daemon [_thread_in_native, id=70104, stack(0x000000006b490000,0x000000006b590000)]
  0x0000000061c7f000 JavaThread "cmd /c call C:\Users\ADMINI~1\AppData\Local\Temp\jenkins719812457923595231.bat: stdout copier" daemon [_thread_in_native, id=74492, stack(0x000000006a850000,0x000000006a950000)]
  0x000000005dd7a000 JavaThread "cmd /c call C:\Users\ADMINI~1\AppData\Local\Temp\jenkins3767419733798903120.bat: stdout copier" daemon [_thread_in_native, id=71536, stack(0x000000006b0d0000,0x000000006b1d0000)]
  0x0000000061c80800 JavaThread "cmd /c call C:\Users\ADMINI~1\AppData\Local\Temp\jenkins3206198369772708412.bat: stdout copier" daemon [_thread_in_native, id=67728, stack(0x000000006afb0000,0x000000006b0b0000)]
  0x0000000061c7f800 JavaThread "cmd /c call C:\Users\ADMINI~1\AppData\Local\Temp\jenkins4568615503775590031.bat: stdout copier" daemon [_thread_in_native, id=69856, stack(0x0000000069bf0000,0x0000000069cf0000)]
  0x0000000061c7e000 JavaThread "cmd /c call C:\Users\ADMINI~1\AppData\Local\Temp\jenkins6509140453431331831.bat: stdout copier" daemon [_thread_in_native, id=74240, stack(0x000000006a130000,0x000000006a230000)]
  0x0000000061c7d800 JavaThread "cmd /c call C:\Users\ADMINI~1\AppData\Local\Temp\jenkins2685670137605142180.bat: stdout copier" daemon [_thread_in_native, id=64548, stack(0x000000006a710000,0x000000006a810000)]
  0x0000000061c7c800 JavaThread "cmd /c call C:\Users\ADMINI~1\AppData\Local\Temp\jenkins4781775228675921318.bat: stdout copier" daemon [_thread_in_native, id=67152, stack(0x000000006a530000,0x000000006a630000)]
  0x0000000061c7a000 JavaThread "cmd /c call C:\Users\ADMINI~1\AppData\Local\Temp\jenkins3927277418022972443.bat: stdout copier" daemon [_thread_in_native, id=63832, stack(0x000000006a3d0000,0x000000006a4d0000)]
  0x0000000061c7c000 JavaThread "cmd /c call C:\Users\ADMINI~1\AppData\Local\Temp\jenkins7698769120595057508.bat: stdout copier" daemon [_thread_in_native, id=63072, stack(0x0000000068880000,0x0000000068980000)]
  0x0000000061c7b000 JavaThread "cmd /c call C:\Users\ADMINI~1\AppData\Local\Temp\jenkins683545193289818306.bat: stdout copier" daemon [_thread_in_native, id=67228, stack(0x000000006a2a0000,0x000000006a3a0000)]
  0x0000000058ea1000 JavaThread "cmd /c call C:\Users\ADMINI~1\AppData\Local\Temp\jenkins8655018392033377432.bat: stdout copier" daemon [_thread_in_native, id=63088, stack(0x000000006a030000,0x000000006a130000)]
  0x0000000063ead000 JavaThread "cmd /c call C:\Users\ADMINI~1\AppData\Local\Temp\jenkins4013192902282342854.bat: stdout copier" daemon [_thread_in_native, id=65604, stack(0x00000000680c0000,0x00000000681c0000)]
  0x0000000063938800 JavaThread "cmd /c call C:\Users\ADMINI~1\AppData\Local\Temp\jenkins8429258324726485738.bat: stdout copier" daemon [_thread_in_native, id=66888, stack(0x0000000069850000,0x0000000069950000)]
  0x0000000063e9a000 JavaThread "cmd /c call C:\Users\ADMINI~1\AppData\Local\Temp\jenkins3581647252260562089.bat: stdout copier" daemon [_thread_in_native, id=63860, stack(0x000000005ec20000,0x000000005ed20000)]
  0x0000000063e97800 JavaThread "cmd /c call C:\Users\ADMINI~1\AppData\Local\Temp\jenkins2452383668349756139.bat: stdout copier" daemon [_thread_in_native, id=66880, stack(0x00000000693a0000,0x00000000694a0000)]
  0x0000000063eae800 JavaThread "cmd /c call C:\Users\ADMINI~1\AppData\Local\Temp\jenkins4717355859507320295.bat: stdout copier" daemon [_thread_in_native, id=34196, stack(0x0000000068990000,0x0000000068a90000)]
  0x0000000063eaf000 JavaThread "cmd /c call C:\Users\ADMINI~1\AppData\Local\Temp\jenkins900518409882060429.bat: stdout copier" daemon [_thread_in_native, id=32068, stack(0x00000000692a0000,0x00000000693a0000)]
  0x0000000063eab800 JavaThread "cmd /c call C:\Users\ADMINI~1\AppData\Local\Temp\jenkins7702497989866187846.bat: stdout copier" daemon [_thread_in_native, id=23232, stack(0x0000000069ae0000,0x0000000069be0000)]
  0x0000000058ea0000 JavaThread "SCMTrigger [#10]" [_thread_blocked, id=16376, stack(0x0000000069960000,0x0000000069a60000)]
  0x0000000058e9f800 JavaThread "SCMTrigger [#9]" [_thread_blocked, id=16372, stack(0x00000000696d0000,0x00000000697d0000)]
  0x0000000058e9e800 JavaThread "SCMTrigger [#8]" [_thread_blocked, id=16368, stack(0x00000000695b0000,0x00000000696b0000)]
  0x0000000063eb0800 JavaThread "SCMTrigger [#7]" [_thread_blocked, id=16364, stack(0x0000000069190000,0x0000000069290000)]
  0x0000000063eaa800 JavaThread "SCMTrigger [#6]" [_thread_blocked, id=12800, stack(0x0000000068cd0000,0x0000000068dd0000)]
  0x0000000063eaa000 JavaThread "SCMTrigger [#5]" [_thread_blocked, id=8632, stack(0x0000000067640000,0x0000000067740000)]
  0x000000005b220800 JavaThread "SCMTrigger [#4]" [_thread_blocked, id=12320, stack(0x0000000066ac0000,0x0000000066bc0000)]
  0x0000000063e98800 JavaThread "SCMTrigger [#3]" [_thread_blocked, id=5564, stack(0x0000000068500000,0x0000000068600000)]
  0x0000000063e96000 JavaThread "SCMTrigger [#2]" [_thread_blocked, id=12864, stack(0x00000000681c0000,0x00000000682c0000)]
  0x0000000063e94800 JavaThread "SCMTrigger [#1]" [_thread_blocked, id=13236, stack(0x000000005f960000,0x000000005fa60000)]
  0x000000005b222000 JavaThread "RequestHandlerThread[#26]" daemon [_thread_in_native, id=12528, stack(0x0000000066070000,0x0000000066170000)]
  0x0000000063939800 JavaThread "RequestHandlerThread[#25]" daemon [_thread_blocked, id=12248, stack(0x0000000067190000,0x0000000067290000)]
  0x000000005b21d800 JavaThread "RequestHandlerThread[#23]" daemon [_thread_in_native, id=11492, stack(0x000000005bf20000,0x000000005c020000)]
  0x0000000060773000 JavaThread "RequestHandlerThread[#18]" daemon [_thread_blocked, id=11152, stack(0x000000005e8f0000,0x000000005e9f0000)]
  0x000000006393e000 JavaThread "Windows IOHub Watcher for IOHub#1: Selector[keys:0, gen:0] / Computer.threadPoolForRemoting [#5]" daemon [_thread_blocked, id=11340, stack(0x000000005e780000,0x000000005e880000)]
  0x000000006393d000 JavaThread "IOHub#1: Selector[keys:0, gen:0] / Computer.threadPoolForRemoting [#4]" daemon [_thread_in_native, id=11336, stack(0x0000000067310000,0x0000000067410000)]
  0x000000006393c800 JavaThread "NioChannelHub keys=0 gen=0: Computer.threadPoolForRemoting [#3]" daemon [_thread_in_native, id=11332, stack(0x0000000067940000,0x0000000067a40000)]
  0x0000000063938000 JavaThread "Scheduler-532854629" [_thread_blocked, id=12240, stack(0x0000000066c00000,0x0000000066d00000)]
  0x000000006139c000 JavaThread "Scheduler-757108857" [_thread_blocked, id=12056, stack(0x000000005fd20000,0x000000005fe20000)]
  0x000000006139f000 JavaThread "JmDNS(WIN-LJSN191U4GJ.local.).State.Timer" [_thread_blocked, id=8644, stack(0x000000005ea20000,0x000000005eb20000)]
  0x000000006139e000 JavaThread "JmDNS(WIN-LJSN191U4GJ.local.).Timer" daemon [_thread_blocked, id=10544, stack(0x000000005bde0000,0x000000005bee0000)]
  0x000000006139b000 JavaThread "SocketListener(WIN-LJSN191U4GJ.local.)" daemon [_thread_in_native, id=10012, stack(0x000000005c120000,0x000000005c220000)]
  0x000000005b21e800 JavaThread "Jenkins UDP 33848 monitoring thread" [_thread_in_native, id=7868, stack(0x000000005e680000,0x000000005e780000)]
  0x0000000059e1d800 JavaThread "jenkins.util.Timer [#10]" daemon [_thread_blocked, id=11128, stack(0x0000000065930000,0x0000000065a30000)]
  0x0000000059e1c800 JavaThread "jenkins.util.Timer [#9]" daemon [_thread_blocked, id=9252, stack(0x000000005dfd0000,0x000000005e0d0000)]
  0x0000000059e1c000 JavaThread "jenkins.util.Timer [#8]" daemon [_thread_blocked, id=10284, stack(0x000000005f170000,0x000000005f270000)]
  0x0000000059e1b000 JavaThread "jenkins.util.Timer [#7]" daemon [_thread_blocked, id=10524, stack(0x0000000064f70000,0x0000000065070000)]
  0x0000000059e19800 JavaThread "jenkins.util.Timer [#6]" daemon [_thread_blocked, id=8604, stack(0x000000005ef40000,0x000000005f040000)]
  0x0000000059e19000 JavaThread "jenkins.util.Timer [#5]" daemon [_thread_blocked, id=10600, stack(0x0000000060e70000,0x0000000060f70000)]
  0x0000000059e18000 JavaThread "jenkins.util.Timer [#4]" daemon [_thread_blocked, id=4476, stack(0x000000005f3e0000,0x000000005f4e0000)]
  0x0000000059e17800 JavaThread "jenkins.util.Timer [#3]" daemon [_thread_blocked, id=11068, stack(0x000000005f270000,0x000000005f370000)]
  0x0000000059e16800 JavaThread "jenkins.util.Timer [#2]" daemon [_thread_blocked, id=4300, stack(0x000000005f050000,0x000000005f150000)]
  0x000000005b21d000 JavaThread "jenkins.util.Timer [#1]" daemon [_thread_blocked, id=7192, stack(0x000000005c330000,0x000000005c430000)]
  0x000000005b21c000 JavaThread "Jenkins cron thread" [_thread_blocked, id=6664, stack(0x000000005e100000,0x000000005e200000)]
  0x0000000001daf800 JavaThread "DestroyJavaVM" [_thread_blocked, id=7472, stack(0x00000000028c0000,0x00000000029c0000)]
  0x000000005aa35000 JavaThread "LauncherControlThread[ControlPort=-1]" [_thread_blocked, id=5024, stack(0x000000005ded0000,0x000000005dfd0000)]
  0x000000005a90a000 JavaThread "RequestHandlerThread[#3]-acceptor-0@17e2ab5e-ServerConnector@28cda624{HTTP/1.1,[http/1.1]}{0.0.0.0:8080}" daemon [_thread_in_native, id=10256, stack(0x000000005c460000,0x000000005c560000)]
  0x000000005adb2800 JavaThread "Java2D Disposer" daemon [_thread_blocked, id=10408, stack(0x000000005b270000,0x000000005b370000)]
  0x000000005a714800 JavaThread "Scheduler-854507466" [_thread_blocked, id=10484, stack(0x000000005b890000,0x000000005b990000)]
  0x0000000058c73000 JavaThread "Service Thread" daemon [_thread_blocked, id=10772, stack(0x00000000597a0000,0x00000000598a0000)]
  0x0000000058c18800 JavaThread "C1 CompilerThread2" daemon [_thread_blocked, id=8984, stack(0x00000000595d0000,0x00000000596d0000)]
=>0x0000000058c03000 JavaThread "C2 CompilerThread1" daemon [_thread_in_native, id=4832, stack(0x0000000059430000,0x0000000059530000)]
  0x000000005767e800 JavaThread "C2 CompilerThread0" daemon [_thread_blocked, id=8080, stack(0x0000000059260000,0x0000000059360000)]
  0x000000005767a000 JavaThread "Attach Listener" daemon [_thread_blocked, id=9572, stack(0x00000000590b0000,0x00000000591b0000)]
  0x0000000058bf3000 JavaThread "Signal Dispatcher" daemon [_thread_blocked, id=5904, stack(0x00000000589a0000,0x0000000058aa0000)]
  0x000000005765a800 JavaThread "Finalizer" daemon [_thread_blocked, id=8048, stack(0x0000000058ae0000,0x0000000058be0000)]
  0x0000000057613800 JavaThread "Reference Handler" daemon [_thread_blocked, id=8144, stack(0x0000000058880000,0x0000000058980000)]

Other Threads:
  0x000000005760c000 VMThread [stack: 0x00000000586e0000,0x00000000587e0000] [id=8560]
  0x0000000058c77800 WatcherThread [stack: 0x0000000059970000,0x0000000059a70000] [id=6600]

VM state:not at safepoint (normal execution)

VM Mutex/Monitor currently owned by a thread: None

Heap:
 PSYoungGen      total 571904K, used 180143K [0x00000000d5f00000, 0x00000000fdb00000, 0x0000000100000000)
  eden space 564224K, 30% used [0x00000000d5f00000,0x00000000e079bd50,0x00000000f8600000)
  from space 7680K, 97% used [0x00000000fbd80000,0x00000000fc4d0080,0x00000000fc500000)
  to   space 17408K, 0% used [0x00000000fca00000,0x00000000fca00000,0x00000000fdb00000)
 ParOldGen       total 187392K, used 85148K [0x0000000081c00000, 0x000000008d300000, 0x00000000d5f00000)
  object space 187392K, 45% used [0x0000000081c00000,0x0000000086f27378,0x000000008d300000)
 Metaspace       used 80407K, capacity 89688K, committed 89880K, reserved 1128448K
  class space    used 9459K, capacity 11721K, committed 11816K, reserved 1048576K

Card table byte_map: [0x0000000011d80000,0x0000000012180000] byte_map_base: 0x0000000011972000

Marking Bits: (ParMarkBitMap*) 0x000000005ce12d00
 Begin Bits: [0x0000000012960000, 0x00000000148f0000)
 End Bits:   [0x00000000148f0000, 0x0000000016880000)

Polling page: 0x0000000000230000

CodeCache: size=245760Kb used=48550Kb max_used=48585Kb free=197209Kb
 bounds [0x00000000029c0000, 0x0000000005980000, 0x00000000119c0000]
 total_blobs=12069 nmethods=11254 adapters=726
 compilation: enabled

Compilation events (10 events):
Event: 108700.587 Thread 0x0000000058c18800 nmethod 14431 0x0000000003014c90 code [0x0000000003014de0, 0x0000000003014f30]
Event: 108718.878 Thread 0x0000000058c18800 14432       3       sun.nio.fs.NativeBuffers::allocNativeBuffer (20 bytes)
Event: 108719.264 Thread 0x0000000058c18800 nmethod 14432 0x0000000003014850 code [0x00000000030149c0, 0x0000000003014bc8]
Event: 108729.880 Thread 0x0000000058c18800 14433       3       sun.nio.fs.NativeBuffer::<init> (41 bytes)
Event: 108730.557 Thread 0x0000000058c18800 nmethod 14433 0x0000000003013a10 code [0x0000000003013be0, 0x0000000003014458]
Event: 108730.557 Thread 0x000000005767e800 14434       4       hudson.EnvVars$OverrideOrderCalculator$TraceResolver::clear (16 bytes)
Event: 108731.572 Thread 0x000000005767e800 nmethod 14434 0x0000000005960f50 code [0x00000000059610a0, 0x0000000005961238]
Event: 108731.651 Thread 0x0000000058c03000 14435       4       java.lang.ProcessEnvironment::validateName (54 bytes)
Event: 108734.337 Thread 0x0000000058c03000 nmethod 14435 0x0000000005960a50 code [0x0000000005960ba0, 0x0000000005960dd8]
Event: 108784.117 Thread 0x0000000058c03000 14436   !   4       com.thoughtworks.xstream.converters.reflection.PureJavaReflectionProvider::visitSerializableFields (184 bytes)

GC Heap History (10 events):
Event: 2565.080 GC heap before
{Heap before GC invocations=49 (full 4):
 PSYoungGen      total 636928K, used 622592K [0x00000000d5f00000, 0x00000000ffc00000, 0x0000000100000000)
  eden space 622592K, 100% used [0x00000000d5f00000,0x00000000fbf00000,0x00000000fbf00000)
  from space 14336K, 0% used [0x00000000fee00000,0x00000000fee00000,0x00000000ffc00000)
  to   space 23040K, 0% used [0x00000000fcf00000,0x00000000fcf00000,0x00000000fe580000)
 ParOldGen       total 187392K, used 85108K [0x0000000081c00000, 0x000000008d300000, 0x00000000d5f00000)
  object space 187392K, 45% used [0x0000000081c00000,0x0000000086f1d378,0x000000008d300000)
 Metaspace       used 79046K, capacity 87490K, committed 87576K, reserved 1126400K
  class space    used 9323K, capacity 11516K, committed 11560K, reserved 1048576K
Event: 2565.094 GC heap after
Heap after GC invocations=49 (full 4):
 PSYoungGen      total 662016K, used 4384K [0x00000000d5f00000, 0x0000000100000000, 0x0000000100000000)
  eden space 638976K, 0% used [0x00000000d5f00000,0x00000000d5f00000,0x00000000fcf00000)
  from space 23040K, 19% used [0x00000000fcf00000,0x00000000fd348070,0x00000000fe580000)
  to   space 22016K, 0% used [0x00000000fea80000,0x00000000fea80000,0x0000000100000000)
 ParOldGen       total 187392K, used 85116K [0x0000000081c00000, 0x000000008d300000, 0x00000000d5f00000)
  object space 187392K, 45% used [0x0000000081c00000,0x0000000086f1f378,0x000000008d300000)
 Metaspace       used 79046K, capacity 87490K, committed 87576K, reserved 1126400K
  class space    used 9323K, capacity 11516K, committed 11560K, reserved 1048576K
}
Event: 3104.867 GC heap before
{Heap before GC invocations=50 (full 4):
 PSYoungGen      total 662016K, used 643360K [0x00000000d5f00000, 0x0000000100000000, 0x0000000100000000)
  eden space 638976K, 100% used [0x00000000d5f00000,0x00000000fcf00000,0x00000000fcf00000)
  from space 23040K, 19% used [0x00000000fcf00000,0x00000000fd348070,0x00000000fe580000)
  to   space 22016K, 0% used [0x00000000fea80000,0x00000000fea80000,0x0000000100000000)
 ParOldGen       total 187392K, used 85116K [0x0000000081c00000, 0x000000008d300000, 0x00000000d5f00000)
  object space 187392K, 45% used [0x0000000081c00000,0x0000000086f1f378,0x000000008d300000)
 Metaspace       used 79801K, capacity 89090K, committed 89368K, reserved 1126400K
  class space    used 9447K, capacity 11716K, committed 11816K, reserved 1048576K
Event: 3104.886 GC heap after
Heap after GC invocations=50 (full 4):
 PSYoungGen      total 662016K, used 6528K [0x00000000d5f00000, 0x00000000ffc00000, 0x0000000100000000)
  eden space 644096K, 0% used [0x00000000d5f00000,0x00000000d5f00000,0x00000000fd400000)
  from space 17920K, 36% used [0x00000000fea80000,0x00000000ff0e0060,0x00000000ffc00000)
  to   space 20480K, 0% used [0x00000000fd400000,0x00000000fd400000,0x00000000fe800000)
 ParOldGen       total 187392K, used 85124K [0x0000000081c00000, 0x000000008d300000, 0x00000000d5f00000)
  object space 187392K, 45% used [0x0000000081c00000,0x0000000086f21378,0x000000008d300000)
 Metaspace       used 79801K, capacity 89090K, committed 89368K, reserved 1126400K
  class space    used 9447K, capacity 11716K, committed 11816K, reserved 1048576K
}
Event: 25335.302 GC heap before
{Heap before GC invocations=51 (full 4):
 PSYoungGen      total 662016K, used 650624K [0x00000000d5f00000, 0x00000000ffc00000, 0x0000000100000000)
  eden space 644096K, 100% used [0x00000000d5f00000,0x00000000fd400000,0x00000000fd400000)
  from space 17920K, 36% used [0x00000000fea80000,0x00000000ff0e0060,0x00000000ffc00000)
  to   space 20480K, 0% used [0x00000000fd400000,0x00000000fd400000,0x00000000fe800000)
 ParOldGen       total 187392K, used 85124K [0x0000000081c00000, 0x000000008d300000, 0x00000000d5f00000)
  object space 187392K, 45% used [0x0000000081c00000,0x0000000086f21378,0x000000008d300000)
 Metaspace       used 80097K, capacity 89414K, committed 89624K, reserved 1126400K
  class space    used 9454K, capacity 11718K, committed 11816K, reserved 1048576K
Event: 25335.329 GC heap after
Heap after GC invocations=51 (full 4):
 PSYoungGen      total 622592K, used 6645K [0x00000000d5f00000, 0x00000000feb00000, 0x0000000100000000)
  eden space 615936K, 0% used [0x00000000d5f00000,0x00000000d5f00000,0x00000000fb880000)
  from space 6656K, 99% used [0x00000000fd400000,0x00000000fda7d6a0,0x00000000fda80000)
  to   space 16896K, 0% used [0x00000000fda80000,0x00000000fda80000,0x00000000feb00000)
 ParOldGen       total 187392K, used 85132K [0x0000000081c00000, 0x000000008d300000, 0x00000000d5f00000)
  object space 187392K, 45% used [0x0000000081c00000,0x0000000086f23378,0x000000008d300000)
 Metaspace       used 80097K, capacity 89414K, committed 89624K, reserved 1126400K
  class space    used 9454K, capacity 11718K, committed 11816K, reserved 1048576K
}
Event: 65358.060 GC heap before
{Heap before GC invocations=52 (full 4):
 PSYoungGen      total 622592K, used 622581K [0x00000000d5f00000, 0x00000000feb00000, 0x0000000100000000)
  eden space 615936K, 100% used [0x00000000d5f00000,0x00000000fb880000,0x00000000fb880000)
  from space 6656K, 99% used [0x00000000fd400000,0x00000000fda7d6a0,0x00000000fda80000)
  to   space 16896K, 0% used [0x00000000fda80000,0x00000000fda80000,0x00000000feb00000)
 ParOldGen       total 187392K, used 85132K [0x0000000081c00000, 0x000000008d300000, 0x00000000d5f00000)
  object space 187392K, 45% used [0x0000000081c00000,0x0000000086f23378,0x000000008d300000)
 Metaspace       used 80272K, capacity 89554K, committed 89880K, reserved 1128448K
  class space    used 9458K, capacity 11720K, committed 11816K, reserved 1048576K
Event: 66016.999 GC heap after
Heap after GC invocations=52 (full 4):
 PSYoungGen      total 596480K, used 6832K [0x00000000d5f00000, 0x00000000fe180000, 0x0000000100000000)
  eden space 589312K, 0% used [0x00000000d5f00000,0x00000000d5f00000,0x00000000f9e80000)
  from space 7168K, 95% used [0x00000000fda80000,0x00000000fe12c0b0,0x00000000fe180000)
  to   space 18432K, 0% used [0x00000000fbd80000,0x00000000fbd80000,0x00000000fcf80000)
 ParOldGen       total 187392K, used 85140K [0x0000000081c00000, 0x000000008d300000, 0x00000000d5f00000)
  object space 187392K, 45% used [0x0000000081c00000,0x0000000086f25378,0x000000008d300000)
 Metaspace       used 80272K, capacity 89554K, committed 89880K, reserved 1128448K
  class space    used 9458K, capacity 11720K, committed 11816K, reserved 1048576K
}
Event: 96994.566 GC heap before
{Heap before GC invocations=53 (full 4):
 PSYoungGen      total 596480K, used 596144K [0x00000000d5f00000, 0x00000000fe180000, 0x0000000100000000)
  eden space 589312K, 100% used [0x00000000d5f00000,0x00000000f9e80000,0x00000000f9e80000)
  from space 7168K, 95% used [0x00000000fda80000,0x00000000fe12c0b0,0x00000000fe180000)
  to   space 18432K, 0% used [0x00000000fbd80000,0x00000000fbd80000,0x00000000fcf80000)
 ParOldGen       total 187392K, used 85140K [0x0000000081c00000, 0x000000008d300000, 0x00000000d5f00000)
  object space 187392K, 45% used [0x0000000081c00000,0x0000000086f25378,0x000000008d300000)
 Metaspace       used 80379K, capacity 89688K, committed 89880K, reserved 1128448K
  class space    used 9459K, capacity 11721K, committed 11816K, reserved 1048576K
Event: 97278.945 GC heap after
Heap after GC invocations=53 (full 4):
 PSYoungGen      total 571904K, used 7488K [0x00000000d5f00000, 0x00000000fdb00000, 0x0000000100000000)
  eden space 564224K, 0% used [0x00000000d5f00000,0x00000000d5f00000,0x00000000f8600000)
  from space 7680K, 97% used [0x00000000fbd80000,0x00000000fc4d0080,0x00000000fc500000)
  to   space 17408K, 0% used [0x00000000fca00000,0x00000000fca00000,0x00000000fdb00000)
 ParOldGen       total 187392K, used 85148K [0x0000000081c00000, 0x000000008d300000, 0x00000000d5f00000)
  object space 187392K, 45% used [0x0000000081c00000,0x0000000086f27378,0x000000008d300000)
 Metaspace       used 80379K, capacity 89688K, committed 89880K, reserved 1128448K
  class space    used 9459K, capacity 11721K, committed 11816K, reserved 1048576K
}

Deoptimization events (10 events):
Event: 74768.511 Thread 0x000000006139b000 Uncommon trap: reason=class_check action=maybe_recompile pc=0x0000000004b999c4 method=javax.jmdns.impl.JmDNSImpl.handleRecord(Ljavax/jmdns/impl/DNSRecord;J)V @ 334
Event: 74770.484 Thread 0x000000006139b000 Uncommon trap: reason=unstable_if action=reinterpret pc=0x0000000004b99480 method=javax.jmdns.impl.JmDNSImpl.handleRecord(Ljavax/jmdns/impl/DNSRecord;J)V @ 236
Event: 77336.622 Thread 0x0000000059e1b000 Uncommon trap: reason=unstable_if action=reinterpret pc=0x0000000003014380 method=java.lang.ref.SoftReference.get()Ljava/lang/Object; @ 6
Event: 77338.353 Thread 0x0000000059e1b000 Uncommon trap: reason=unstable_if action=reinterpret pc=0x00000000050eef38 method=java.lang.ref.SoftReference.get()Ljava/lang/Object; @ 6
Event: 86480.304 Thread 0x0000000062ae1800 Uncommon trap: reason=class_check action=maybe_recompile pc=0x00000000040243b8 method=java.util.Formatter$FormatSpecifier.print(JLjava/util/Locale;)V @ 456
Event: 91021.721 Thread 0x0000000059e1c000 Uncommon trap: reason=unstable_if action=reinterpret pc=0x0000000002b2fe6c method=java.lang.ThreadLocal$ThreadLocalMap.getEntry(Ljava/lang/ThreadLocal;)Ljava/lang/ThreadLocal$ThreadLocalMap$Entry; @ 29
Event: 92969.764 Thread 0x000000006139b000 Uncommon trap: reason=unstable_if action=reinterpret pc=0x0000000003cc3080 method=java.lang.CharacterData00.toLowerCase(I)I @ 12
Event: 95497.519 Thread 0x0000000062ae3000 Uncommon trap: reason=unstable_if action=reinterpret pc=0x0000000002defde4 method=java.lang.ref.SoftReference.get()Ljava/lang/Object; @ 6
Event: 95497.519 Thread 0x0000000062ae3000 Uncommon trap: reason=unstable_if action=reinterpret pc=0x0000000003b762c4 method=java.lang.ref.SoftReference.get()Ljava/lang/Object; @ 6
Event: 107900.819 Thread 0x0000000063e99000 Uncommon trap: reason=class_check action=maybe_recompile pc=0x00000000040243b8 method=java.util.Formatter$FormatSpecifier.print(JLjava/util/Locale;)V @ 456

Classes redefined (0 events):
No events

Internal exceptions (10 events):
Event: 97350.093 Thread 0x000000005765a800 Exception <a 'sun/nio/fs/WindowsException'> (0x00000000d6b81000) thrown at [C:\re\workspace\8-2-build-windows-amd64-cygwin\jdk8u181\11358\hotspot\src\share\vm\prims\jni.cpp, line 709]
Event: 108692.283 Thread 0x0000000062ae7800 Exception <a 'sun/nio/fs/WindowsException'> (0x00000000dff24158) thrown at [C:\re\workspace\8-2-build-windows-amd64-cygwin\jdk8u181\11358\hotspot\src\share\vm\prims\jni.cpp, line 709]
Event: 108692.285 Thread 0x0000000062ae7800 Exception <a 'sun/nio/fs/WindowsException'> (0x00000000dff24708) thrown at [C:\re\workspace\8-2-build-windows-amd64-cygwin\jdk8u181\11358\hotspot\src\share\vm\prims\jni.cpp, line 709]
Event: 108696.454 Thread 0x0000000062ae7800 Exception <a 'sun/nio/fs/WindowsException'> (0x00000000dff2a920) thrown at [C:\re\workspace\8-2-build-windows-amd64-cygwin\jdk8u181\11358\hotspot\src\share\vm\prims\jni.cpp, line 709]
Event: 108718.309 Thread 0x0000000062ae7800 Exception <a 'sun/nio/fs/WindowsException'> (0x00000000e03a7da8) thrown at [C:\re\workspace\8-2-build-windows-amd64-cygwin\jdk8u181\11358\hotspot\src\share\vm\prims\jni.cpp, line 709]
Event: 108719.134 Thread 0x0000000062ae7800 Exception <a 'sun/nio/fs/WindowsException'> (0x00000000e03a8388) thrown at [C:\re\workspace\8-2-build-windows-amd64-cygwin\jdk8u181\11358\hotspot\src\share\vm\prims\jni.cpp, line 709]
Event: 108721.508 Thread 0x0000000062ae7800 Exception <a 'sun/nio/fs/WindowsException'> (0x00000000e03a9c30) thrown at [C:\re\workspace\8-2-build-windows-amd64-cygwin\jdk8u181\11358\hotspot\src\share\vm\prims\jni.cpp, line 709]
Event: 108778.111 Thread 0x000000005b21d000 Exception <a 'sun/nio/fs/WindowsException'> (0x00000000dfe49538) thrown at [C:\re\workspace\8-2-build-windows-amd64-cygwin\jdk8u181\11358\hotspot\src\share\vm\prims\jni.cpp, line 709]
Event: 108778.684 Thread 0x000000005b21d000 Exception <a 'sun/nio/fs/WindowsException'> (0x00000000dfe499f8) thrown at [C:\re\workspace\8-2-build-windows-amd64-cygwin\jdk8u181\11358\hotspot\src\share\vm\prims\jni.cpp, line 709]
Event: 108789.650 Thread 0x000000005b21d000 Exception <a 'sun/nio/fs/WindowsException'> (0x00000000dfe5b4b0) thrown at [C:\re\workspace\8-2-build-windows-amd64-cygwin\jdk8u181\11358\hotspot\src\share\vm\prims\jni.cpp, line 709]

Events (10 events):
Event: 108735.135 Executing VM operation: RevokeBias done
Event: 108735.135 Thread 0x0000000063e97000 Thread exited: 0x0000000063e97000
Event: 108737.983 Executing VM operation: RevokeBias
Event: 108737.985 Executing VM operation: RevokeBias done
Event: 108737.986 Executing VM operation: RevokeBias
Event: 108737.986 Executing VM operation: RevokeBias done
Event: 108737.986 Executing VM operation: RevokeBias
Event: 108737.986 Executing VM operation: RevokeBias done
Event: 108739.542 Thread 0x0000000058c18800 flushing nmethod 0x0000000004b97050
Event: 108741.106 Thread 0x0000000058c18800 flushing nmethod 0x0000000004c64290


Dynamic libraries:
0x000000013f390000 - 0x000000013f3c7000 	C:\Program Files (x86)\Common Files\Oracle\Java\javapath\java.exe
0x0000000077160000 - 0x00000000772ff000 	C:\Windows\SYSTEM32\ntdll.dll
0x0000000077040000 - 0x000000007715f000 	C:\Windows\system32\kernel32.dll
0x000007fefd280000 - 0x000007fefd2ea000 	C:\Windows\system32\KERNELBASE.dll
0x000007fefe1f0000 - 0x000007fefe2cb000 	C:\Windows\system32\ADVAPI32.dll
0x000007fefe730000 - 0x000007fefe7cf000 	C:\Windows\system32\msvcrt.dll
0x000007fefed00000 - 0x000007fefed1f000 	C:\Windows\SYSTEM32\sechost.dll
0x000007fefeed0000 - 0x000007fefeffd000 	C:\Windows\system32\RPCRT4.dll
0x0000000076f40000 - 0x000000007703a000 	C:\Windows\system32\USER32.dll
0x000007fefee50000 - 0x000007fefeeb7000 	C:\Windows\system32\GDI32.dll
0x000007fefeec0000 - 0x000007fefeece000 	C:\Windows\system32\LPK.dll
0x000007feff380000 - 0x000007feff44b000 	C:\Windows\system32\USP10.dll
0x000007fefc7d0000 - 0x000007fefc9c4000 	C:\Windows\WinSxS\amd64_microsoft.windows.common-controls_6595b64144ccf1df_6.0.7601.18837_none_fa3b1e3d17594757\COMCTL32.dll
0x000007fefe610000 - 0x000007fefe681000 	C:\Windows\system32\SHLWAPI.dll
0x000007fefe4d0000 - 0x000007fefe4fe000 	C:\Windows\system32\IMM32.DLL
0x000007fefe500000 - 0x000007fefe609000 	C:\Windows\system32\MSCTF.dll
0x000000006d640000 - 0x000000006d712000 	C:\Program Files\Java\jre1.8.0_181\bin\msvcr100.dll
0x000000005c5f0000 - 0x000000005ce92000 	C:\Program Files\Java\jre1.8.0_181\bin\server\jvm.dll
0x000007fef8b20000 - 0x000007fef8b29000 	C:\Windows\system32\WSOCK32.dll
0x000007feff0a0000 - 0x000007feff0ed000 	C:\Windows\system32\WS2_32.dll
0x000007feff0f0000 - 0x000007feff0f8000 	C:\Windows\system32\NSI.dll
0x000007fef94a0000 - 0x000007fef94db000 	C:\Windows\system32\WINMM.dll
0x000007fefbd60000 - 0x000007fefbd6c000 	C:\Windows\system32\VERSION.dll
0x0000000077310000 - 0x0000000077317000 	C:\Windows\system32\PSAPI.DLL
0x00000000728b0000 - 0x00000000728bf000 	C:\Program Files\Java\jre1.8.0_181\bin\verify.dll
0x000000006d610000 - 0x000000006d639000 	C:\Program Files\Java\jre1.8.0_181\bin\java.dll
0x000000006d5f0000 - 0x000000006d606000 	C:\Program Files\Java\jre1.8.0_181\bin\zip.dll
0x000007fefd460000 - 0x000007fefe1eb000 	C:\Windows\system32\SHELL32.dll
0x000007fefe2d0000 - 0x000007fefe4cd000 	C:\Windows\system32\ole32.dll
0x000007fefd010000 - 0x000007fefd01f000 	C:\Windows\system32\profapi.dll
0x000007fefc4b0000 - 0x000007fefc4c8000 	C:\Windows\system32\CRYPTSP.dll
0x000007fefc1c0000 - 0x000007fefc207000 	C:\Windows\system32\rsaenh.dll
0x000007fefca90000 - 0x000007fefcaae000 	C:\Windows\system32\USERENV.dll
0x000007fefcf40000 - 0x000007fefcf4f000 	C:\Windows\system32\CRYPTBASE.dll
0x000000006d5d0000 - 0x000000006d5ea000 	C:\Program Files\Java\jre1.8.0_181\bin\net.dll
0x000007fefc770000 - 0x000007fefc7c5000 	C:\Windows\system32\mswsock.dll
0x000007fefc3f0000 - 0x000007fefc3f7000 	C:\Windows\System32\wship6.dll
0x000007fefc610000 - 0x000007fefc637000 	C:\Windows\system32\IPHLPAPI.DLL
0x000007fefc600000 - 0x000007fefc60b000 	C:\Windows\system32\WINNSI.DLL
0x000007fefc0b0000 - 0x000007fefc0c1000 	C:\Windows\system32\dhcpcsvc6.DLL
0x000007fefc040000 - 0x000007fefc058000 	C:\Windows\system32\dhcpcsvc.DLL
0x000000006d5b0000 - 0x000000006d5c1000 	C:\Program Files\Java\jre1.8.0_181\bin\nio.dll
0x000000006d5a0000 - 0x000000006d5ad000 	C:\Program Files\Java\jre1.8.0_181\bin\management.dll
0x000000006d570000 - 0x000000006d594000 	C:\Program Files\Java\jre1.8.0_181\bin\sunec.dll
0x000000006d560000 - 0x000000006d56b000 	C:\Program Files\Java\jre1.8.0_181\bin\sunmscapi.dll
0x000007fefd2f0000 - 0x000007fefd45d000 	C:\Windows\system32\CRYPT32.dll
0x000007fefd0f0000 - 0x000007fefd0ff000 	C:\Windows\system32\MSASN1.dll
0x000000005fb40000 - 0x000000005fcd9000 	C:\Program Files\Java\jre1.8.0_181\bin\awt.dll
0x000007fefea90000 - 0x000007fefeb6a000 	C:\Windows\system32\OLEAUT32.dll
0x0000000069f10000 - 0x0000000069f57000 	C:\Program Files\Java\jre1.8.0_181\bin\fontmanager.dll
0x000007fefca70000 - 0x000007fefca85000 	C:\Windows\system32\NLAapi.dll
0x000007fefca50000 - 0x000007fefca65000 	C:\Windows\system32\napinsp.dll
0x000007fefca10000 - 0x000007fefca29000 	C:\Windows\system32\pnrpnsp.dll
0x000007fefc660000 - 0x000007fefc6bb000 	C:\Windows\system32\DNSAPI.dll
0x000007fefc650000 - 0x000007fefc65b000 	C:\Windows\System32\winrnr.dll
0x000007fefc640000 - 0x000007fefc650000 	C:\Windows\system32\wshbth.dll
0x0000000074de0000 - 0x0000000074e06000 	C:\Program Files\Bonjour\mdnsNSP.dll
0x000007fefc060000 - 0x000007fefc067000 	C:\Windows\System32\wshtcpip.dll
0x000007fefbff0000 - 0x000007fefbff8000 	C:\Windows\system32\rasadhlp.dll
0x000007fefa8e0000 - 0x000007fefa933000 	C:\Windows\System32\fwpuclnt.dll
0x000007fef0200000 - 0x000007fef0225000 	C:\Users\Administrator\AppData\Local\Temp\jna-146731693\jna5105808827311777058.dll
0x000007fefcee0000 - 0x000007fefcf37000 	C:\Windows\system32\apphelp.dll

VM Arguments:
jvm_args: -Dhudson.util.ProcessTree.disable=true 
java_command: jenkins.war
java_class_path (initial): jenkins.war
Launcher Type: SUN_STANDARD

Environment Variables:
JAVA_HOME=D:\Program Files\Java\jdk1.8.0_31
CLASSPATH=.;D:\Program Files\Java\jdk1.8.0_31\lib\dt.jar;D:\Program Files\Java\jdk1.8.0_31\lib\tools.jar
PATH=C:\Program Files (x86)\Common Files\Oracle\Java\javapath;D:\Python36\Scripts\;D:\Python36\;C:\ProgramData\Oracle\Java\javapath;C:\Windows\system32;C:\Windows;C:\Windows\System32\Wbem;C:\Windows\System32\WindowsPowerShell\v1.0\;D:\Program Files\Java\jdk1.8.0_31\bin;D:\Program Files\Java\jdk1.8.0_31\jre\bin;D:\adb;D:\adt-bundle-windows-x86_64-20131030\sdk\tools;D:\adt-bundle-windows-x86_64-20131030\sdk\platform-tools;D:\adt-bundle-windows-x86_64-20131030\sdk\build-tools\android-4.4;C:\Program Files\TortoiseSVN\bin;D:\paython;D:\paython\Scripts;D:\Python36;D:\Python36\Scripts;D:\adt-bundle-windows-x86_64-20131030\eclipse\plugins\org.apache.ant_1.8.3.v201301120609\bin;D:\Program Files (x86)\Mozilla Firefox;D:\Program Files (x86)\Appium\node_modules\.bin;D:\Program Files\nodejs;;d:\Program Files\Git\cmd;D:\Program Files\MySQL\MySQL Server 5.5\bin;D:\Program Files\nodejs\;D:\Users\Administrator\PycharmProjects\seleniumweb\sele\driver;D:\Program Files (x86)\Tesseract-OCR;C:\Users\Administrator\AppData\Local\Programs\Python\Python36\Scripts\;C:\Users\Administrator\AppData\Local\Programs\Python\Python36\;C:\Users\Administrator\AppData\Local\Programs\Fiddler;C:\Users\Administrator\AppData\Roaming\npm;D:\Program Files (x86)\Tesseract-OCR
USERNAME=Administrator
OS=Windows_NT
PROCESSOR_IDENTIFIER=Intel64 Family 6 Model 42 Stepping 7, GenuineIntel



---------------  S Y S T E M  ---------------

OS: Windows 7 , 64 bit Build 7601 (6.1.7601.24214)

CPU:total 4 (initial active 4) (2 cores per cpu, 2 threads per core) family 6 model 42 stepping 7, cmov, cx8, fxsr, mmx, sse, sse2, sse3, ssse3, sse4.1, sse4.2, popcnt, avx, aes, clmul, ht, tsc, tscinvbit

Memory: 4k page, physical 8269040k(858508k free), swap 33074260k(23112k free)

vm_info: Java HotSpot(TM) 64-Bit Server VM (25.181-b13) for windows-amd64 JRE (1.8.0_181-b13), built on Jul  7 2018 04:01:33 by "java_re" with MS VC++ 10.0 (VS2010)

time: Sat Sep 08 23:44:59 2018
elapsed time: 108988 seconds (1d 6h 16m 28s)

